[0m03:13:59.033944 [debug] [MainThread]: Sending event: {'category': 'dbt', 'action': 'invocation', 'label': 'start', 'context': [<snowplow_tracker.self_describing_json.SelfDescribingJson object at 0x7cda393932f0>, <snowplow_tracker.self_describing_json.SelfDescribingJson object at 0x7cda38c816d0>, <snowplow_tracker.self_describing_json.SelfDescribingJson object at 0x7cda39b20e60>]}


============================== 03:13:59.042683 | 9bf58156-9654-47aa-8105-93151252304f ==============================
[0m03:13:59.042683 [info ] [MainThread]: Running with dbt=1.11.8
[0m03:13:59.044183 [debug] [MainThread]: running dbt with arguments {'debug': 'False', 'invocation_command': 'dbt init dbt_project', 'introspect': 'True', 'indirect_selection': 'eager', 'partial_parse': 'True', 'empty': 'None', 'log_format': 'default', 'cache_selected_only': 'False', 'quiet': 'False', 'warn_error': 'None', 'profiles_dir': '/home/vivek/.dbt', 'warn_error_options': 'WarnErrorOptionsV2(error=[], warn=[], silence=[])', 'use_experimental_parser': 'False', 'send_anonymous_usage_stats': 'True', 'write_json': 'True', 'use_colors': 'True', 'log_cache_events': 'False', 'no_print': 'None', 'fail_fast': 'False', 'version_check': 'True', 'static_parser': 'True', 'printer_width': '80', 'log_path': 'logs', 'target_path': 'None'}
[0m03:13:59.085579 [debug] [MainThread]: Starter project path: /home/vivek/Projects/github-analytics/venv/lib/python3.12/site-packages/dbt/include/starter_project
[0m03:13:59.094342 [info ] [MainThread]: 
Your new dbt project "dbt_project" was created!

For more information on how to configure the profiles.yml file,
please consult the dbt documentation here:

  https://docs.getdbt.com/docs/configure-your-profile

One more thing:

Need help? Don't hesitate to reach out to us via GitHub issues or on Slack:

  https://community.getdbt.com/

Happy modeling!

[0m03:13:59.095659 [info ] [MainThread]: Setting up your profile.
[0m03:14:18.387925 [debug] [MainThread]: Snowflake adapter: Setting snowflake.connector to ERROR (file logging only)
[0m03:14:18.389510 [debug] [MainThread]: Snowflake adapter: Setting botocore to ERROR (file logging only)
[0m03:14:18.390511 [debug] [MainThread]: Snowflake adapter: Setting boto3 to ERROR (file logging only)
[0m03:16:18.072009 [info ] [MainThread]: Profile dbt_project written to /home/vivek/.dbt/profiles.yml using target's profile_template.yml and your supplied values. Run 'dbt debug' to validate the connection.
[0m03:16:18.074730 [debug] [MainThread]: Resource report: {"command_name": "init", "command_success": true, "command_wall_clock_time": 139.21643, "process_in_blocks": "688", "process_kernel_time": 0.755733, "process_mem_max_rss": "202688", "process_out_blocks": "88", "process_user_time": 5.786301}
[0m03:16:18.076805 [debug] [MainThread]: Command `dbt init` succeeded at 03:16:18.076516 after 139.22 seconds
[0m03:16:18.077863 [debug] [MainThread]: Sending event: {'category': 'dbt', 'action': 'invocation', 'label': 'end', 'context': [<snowplow_tracker.self_describing_json.SelfDescribingJson object at 0x7cda3a72ec60>, <snowplow_tracker.self_describing_json.SelfDescribingJson object at 0x7cd9fecfc8c0>, <snowplow_tracker.self_describing_json.SelfDescribingJson object at 0x7cd9ff275730>]}
[0m03:16:18.078823 [debug] [MainThread]: Flushing usage events
[0m03:16:19.977973 [debug] [MainThread]: An error was encountered while trying to flush usage events
[0m03:16:29.213124 [debug] [MainThread]: Sending event: {'category': 'dbt', 'action': 'invocation', 'label': 'start', 'context': [<snowplow_tracker.self_describing_json.SelfDescribingJson object at 0x7c939fca53a0>, <snowplow_tracker.self_describing_json.SelfDescribingJson object at 0x7c93a223fa40>, <snowplow_tracker.self_describing_json.SelfDescribingJson object at 0x7c93a01b9100>]}


============================== 03:16:29.221449 | 3d9bddd5-b1e2-4119-ada1-9a257f7a85bf ==============================
[0m03:16:29.221449 [info ] [MainThread]: Running with dbt=1.11.8
[0m03:16:29.222759 [debug] [MainThread]: running dbt with arguments {'send_anonymous_usage_stats': 'True', 'log_cache_events': 'False', 'quiet': 'False', 'cache_selected_only': 'False', 'log_format': 'default', 'profiles_dir': '/home/vivek/.dbt', 'warn_error': 'None', 'introspect': 'True', 'target_path': 'None', 'static_parser': 'True', 'printer_width': '80', 'write_json': 'True', 'empty': 'None', 'debug': 'False', 'indirect_selection': 'eager', 'no_print': 'None', 'use_experimental_parser': 'False', 'use_colors': 'True', 'warn_error_options': 'WarnErrorOptionsV2(error=[], warn=[], silence=[])', 'fail_fast': 'False', 'partial_parse': 'True', 'log_path': 'logs', 'invocation_command': 'dbt debug', 'version_check': 'True'}
[0m03:16:29.256078 [info ] [MainThread]: dbt version: 1.11.8
[0m03:16:29.257125 [info ] [MainThread]: python version: 3.12.3
[0m03:16:29.258258 [info ] [MainThread]: python path: /home/vivek/Projects/github-analytics/venv/bin/python3
[0m03:16:29.259250 [info ] [MainThread]: os info: Linux-6.14.0-37-generic-x86_64-with-glibc2.39
[0m03:16:29.272626 [info ] [MainThread]: Error importing adapter: No module named 'dbt.adapters.bigquery'
[0m03:16:30.558609 [debug] [MainThread]: Snowflake adapter: Setting snowflake.connector to ERROR (file logging only)
[0m03:16:30.559734 [debug] [MainThread]: Snowflake adapter: Setting botocore to ERROR (file logging only)
[0m03:16:30.560592 [debug] [MainThread]: Snowflake adapter: Setting boto3 to ERROR (file logging only)
[0m03:16:30.676893 [info ] [MainThread]: Using profiles dir at /home/vivek/.dbt
[0m03:16:30.677695 [info ] [MainThread]: Using profiles.yml file at /home/vivek/.dbt/profiles.yml
[0m03:16:30.688420 [info ] [MainThread]: Using dbt_project.yml file at /home/vivek/Projects/github-analytics/dbt_project.yml
[0m03:16:30.689449 [info ] [MainThread]: Configuration:
[0m03:16:30.690135 [info ] [MainThread]:   profiles.yml file [[31mERROR invalid[0m]
[0m03:16:30.690758 [info ] [MainThread]:   dbt_project.yml file [[31mERROR not found[0m]
[0m03:16:30.691351 [info ] [MainThread]: Required dependencies:
[0m03:16:30.692067 [debug] [MainThread]: Executing "git --help"
[0m03:16:30.695919 [debug] [MainThread]: STDOUT: "b"usage: git [-v | --version] [-h | --help] [-C <path>] [-c <name>=<value>]\n           [--exec-path[=<path>]] [--html-path] [--man-path] [--info-path]\n           [-p | --paginate | -P | --no-pager] [--no-replace-objects] [--bare]\n           [--git-dir=<path>] [--work-tree=<path>] [--namespace=<name>]\n           [--config-env=<name>=<envvar>] <command> [<args>]\n\nThese are common Git commands used in various situations:\n\nstart a working area (see also: git help tutorial)\n   clone     Clone a repository into a new directory\n   init      Create an empty Git repository or reinitialize an existing one\n\nwork on the current change (see also: git help everyday)\n   add       Add file contents to the index\n   mv        Move or rename a file, a directory, or a symlink\n   restore   Restore working tree files\n   rm        Remove files from the working tree and from the index\n\nexamine the history and state (see also: git help revisions)\n   bisect    Use binary search to find the commit that introduced a bug\n   diff      Show changes between commits, commit and working tree, etc\n   grep      Print lines matching a pattern\n   log       Show commit logs\n   show      Show various types of objects\n   status    Show the working tree status\n\ngrow, mark and tweak your common history\n   branch    List, create, or delete branches\n   commit    Record changes to the repository\n   merge     Join two or more development histories together\n   rebase    Reapply commits on top of another base tip\n   reset     Reset current HEAD to the specified state\n   switch    Switch branches\n   tag       Create, list, delete or verify a tag object signed with GPG\n\ncollaborate (see also: git help workflows)\n   fetch     Download objects and refs from another repository\n   pull      Fetch from and integrate with another repository or a local branch\n   push      Update remote refs along with associated objects\n\n'git help -a' and 'git help -g' list available subcommands and some\nconcept guides. See 'git help <command>' or 'git help <concept>'\nto read about a specific subcommand or concept.\nSee 'git help git' for an overview of the system.\n""
[0m03:16:30.696614 [debug] [MainThread]: STDERR: "b''"
[0m03:16:30.697188 [info ] [MainThread]:  - git [[32mOK found[0m]

[0m03:16:30.697791 [info ] [MainThread]: Connection test skipped since no profile was found
[0m03:16:30.698453 [info ] [MainThread]: [31m2 checks failed:[0m
[0m03:16:30.699060 [info ] [MainThread]: Could not load dbt_project.yml
Profile loading failed for the following reason:
Runtime Error
  Credentials in profile "bigquery", target "dev" invalid: Runtime Error
    Could not find adapter type bigquery!


[0m03:16:30.699686 [info ] [MainThread]: Project loading failed for the following reason:
 project path </home/vivek/Projects/github-analytics/dbt_project.yml> not found

[0m03:16:30.701402 [debug] [MainThread]: Resource report: {"command_name": "debug", "command_success": false, "command_wall_clock_time": 1.6532825, "process_in_blocks": "56", "process_kernel_time": 0.645889, "process_mem_max_rss": "203740", "process_out_blocks": "16", "process_user_time": 5.862992}
[0m03:16:30.702638 [debug] [MainThread]: Command `dbt debug` failed at 03:16:30.702477 after 1.65 seconds
[0m03:16:30.703371 [debug] [MainThread]: Sending event: {'category': 'dbt', 'action': 'invocation', 'label': 'end', 'context': [<snowplow_tracker.self_describing_json.SelfDescribingJson object at 0x7c93a075c5c0>, <snowplow_tracker.self_describing_json.SelfDescribingJson object at 0x7c939ffddbe0>, <snowplow_tracker.self_describing_json.SelfDescribingJson object at 0x7c936775e3c0>]}
[0m03:16:30.704108 [debug] [MainThread]: Flushing usage events
[0m03:16:32.266901 [debug] [MainThread]: An error was encountered while trying to flush usage events
